<?xml version="1.0" encoding="UTF-8"?>
<testng-results skipped="0" failed="0" ignored="0" total="2" passed="2">
  <reporter-output>
  </reporter-output>
  <suite name="Default suite" duration-ms="3336" started-at="2022-06-23T01:17:38Z" finished-at="2022-06-23T01:17:41Z">
    <groups>
    </groups>
    <test name="Default test" duration-ms="3336" started-at="2022-06-23T01:17:38Z" finished-at="2022-06-23T01:17:41Z">
      <class name="testCases.DeleteOneProduct">
        <test-method status="PASS" signature="deleteOneProduct()[pri:1, instance:testCases.DeleteOneProduct@159f197]" name="deleteOneProduct" duration-ms="2716" started-at="2022-06-23T01:17:38Z" finished-at="2022-06-23T01:17:40Z">
          <reporter-output>
          </reporter-output>
        </test-method> <!-- deleteOneProduct -->
        <test-method status="PASS" signature="validateProductDeleteDetails()[pri:2, instance:testCases.DeleteOneProduct@159f197]" name="validateProductDeleteDetails" duration-ms="555" started-at="2022-06-23T01:17:40Z" finished-at="2022-06-23T01:17:41Z">
          <reporter-output>
          </reporter-output>
        </test-method> <!-- validateProductDeleteDetails -->
      </class> <!-- testCases.DeleteOneProduct -->
    </test> <!-- Default test -->
  </suite> <!-- Default suite -->
</testng-results>
